-------------------------------------------------------------------------------
Test set: com.example.Desafio03Robson.Desafio03RobsonApplicationTests
-------------------------------------------------------------------------------
Tests run: 1, Failures: 0, Errors: 1, Skipped: 0, Time elapsed: 0.297 s <<< FAILURE! - in com.example.Desafio03Robson.Desafio03RobsonApplicationTests
initializationError(com.example.Desafio03Robson.Desafio03RobsonApplicationTests)  Time elapsed: 0 s  <<< ERROR!
java.lang.IllegalStateException: Unable to find a @SpringBootConfiguration, you need to use @ContextConfiguration or @SpringBootTest(classes=...) with your test

